#
# A fatal error has been detected by the Java Runtime Environment:
#
#  SIGSEGV (0xb) at pc=0x000000010db81f3f, pid=47649, tid=0x0000000000002403
#
# JRE version: OpenJDK Runtime Environment (8.0_492-b09) (build 1.8.0_492-b09)
# Java VM: OpenJDK 64-Bit Server VM (25.492-b09 mixed mode bsd-amd64 compressed oops)
# Problematic frame:
# V  [libjvm.dylib+0x44af3f]  ObjectMonitor::EnterI(Thread*)+0x269
#
# Failed to write core dump. Core dumps have been disabled. To enable core dumping, try "ulimit -c unlimited" before starting Java again
#
# If you would like to submit a bug report, please visit:
#   https://github.com/adoptium/adoptium-support/issues
#

---------------  T H R E A D  ---------------

Current thread (0x00007f94f9e11800):  JavaThread "DestroyJavaVM" [_thread_blocked, id=9219, stack(0x000000030cc04000,0x000000030cd04000)]

siginfo: si_signo: 11 (SIGSEGV), si_code: 1 (SEGV_MAPERR), si_addr: 0x0000000000000000

Registers:
RAX=0x0000000000000000, RBX=0x00007f94f9e11800, RCX=0x00007f94f9706248, RDX=0x0000000000000000
RSP=0x000000030cd03900, RBP=0x000000030cd03960, RSI=0x0000000000000000, RDI=0x00007f94f9706228
R8 =0x000000010de0ac90, R9 =0x0000000000000000, R10=0x0000000000000000, R11=0x00007f94f9706284
R12=0x00007f94fa44ca60, R13=0x00007f94fa44ca98, R14=0x00007f94fa44ca48, R15=0x0000000000000040
RIP=0x000000010db81f3f, EFLAGS=0x0000000000000207, ERR=0x0000000000000004
  TRAPNO=0x000000000000000e

Top of Stack: (sp=0x000000030cd03900)
0x000000030cd03900:   0000000000000000 0000000000000bad
0x000000030cd03910:   00007f94f9e11800 0000000000000000
0x000000030cd03920:   00007f94f9706200 0000000500000000
0x000000030cd03930:   000000000cd03960 00007f94fa44ca48
0x000000030cd03940:   00006000029844d0 000000010de03f33
0x000000030cd03950:   00007f94f9e11800 000000030cd039e0
0x000000030cd03960:   000000030cd03a20 000000010db816c3
0x000000030cd03970:   0000000300000005 00007f94f9e11800
0x000000030cd03980:   000000030cd03901 00007f94fa86ba60
0x000000030cd03990:   000000030cd03900 000000030cd03900
0x000000030cd039a0:   00007f94f9e11800 000000010d8b9d00
0x000000030cd039b0:   0000000000000000 0000000000000000
0x000000030cd039c0:   0000000103d60100 00007f94f9e11800
0x000000030cd039d0:   0000000000000000 0000000122dd666d
0x000000030cd039e0:   00007f94f9e11800 00007f94fa44cac0
0x000000030cd039f0:   000000020cd03a20 00007f94f9e11800
0x000000030cd03a00:   0000000000000000 0000000122dd666d
0x000000030cd03a10:   000000030cd03a80 000000074008ff30
0x000000030cd03a20:   000000030cd03a60 000000010d9e5bd3
0x000000030cd03a30:   000000030cd03a70 00007f94f9e11800
0x000000030cd03a40:   00007f94f9e11800 00000000000000c2
0x000000030cd03a50:   000000030cd03ae8 00007f94f9e11800
0x000000030cd03a60:   000000030cd03ad0 000000010f0f4f01
0x000000030cd03a70:   000000030cd03ad0 000000010f0f4ecd
0x000000030cd03a80:   0000000000000003 000000074008ff30
0x000000030cd03a90:   000000030cd03a80 0000000122dd666d
0x000000030cd03aa0:   000000030cd03ae8 0000000122dd67c8
0x000000030cd03ab0:   0000000000000000 0000000122dd6698
0x000000030cd03ac0:   0000000000000000 000000030cd03af0
0x000000030cd03ad0:   000000030cd03b50 000000010f0cf4e7
0x000000030cd03ae0:   0000000000000000 000000074008ff30
0x000000030cd03af0:   0000000300001fa0 00007f94f9e11800 

Instructions: (pc=0x000000010db81f3f)
0x000000010db81f1f:   01 f0 49 0f b1 1c 24 48 85 c0 0f 84 99 00 00 00
0x000000010db81f2f:   48 8b 05 72 8c 28 00 48 85 c0 74 07 48 8b 40 28
0x000000010db81f3f:   48 ff 00 f6 05 cf 00 27 00 01 74 16 4c 89 f7 48
0x000000010db81f4f:   89 de e8 ce f8 ff ff 4c 8d 05 33 8d 28 00 85 c0 

Register to memory mapping:

RAX=