#
# A fatal error has been detected by the Java Runtime Environment:
#
#  SIGSEGV (0xb) at pc=0x000000010c472f3f, pid=51518, tid=0x0000000000002703
#
# JRE version: OpenJDK Runtime Environment (8.0_492-b09) (build 1.8.0_492-b09)
# Java VM: OpenJDK 64-Bit Server VM (25.492-b09 mixed mode bsd-amd64 compressed oops)
# Problematic frame:
# V  [libjvm.dylib+0x44af3f]  ObjectMonitor::EnterI(Thread*)+0x269
#
# Failed to write core dump. Core dumps have been disabled. To enable core dumping, try "ulimit -c unlimited" before starting Java again
#
# If you would like to submit a bug report, please visit:
#   https://github.com/adoptium/adoptium-support/issues
#

---------------  T H R E A D  ---------------

Current thread (0x00007f8c12812000):  JavaThread "DestroyJavaVM" [_thread_blocked, id=9987, stack(0x0000000309ef8000,0x0000000309ff8000)]

siginfo: si_signo: 11 (SIGSEGV), si_code: 1 (SEGV_MAPERR), si_addr: 0x0000000000000000

Registers:
RAX=0x0000000000000000, RBX=0x00007f8c12812000, RCX=0x00007f8c12708948, RDX=0x0000000000000000
RSP=0x0000000309ff7900, RBP=0x0000000309ff7960, RSI=0x0000000000000000, RDI=0x00007f8c12708928
R8 =0x000000010c6fbc90, R9 =0x0000000000000000, R10=0x0000000000000000, R11=0x00007f8c12708984
R12=0x00007f8c03120280, R13=0x00007f8c031202b8, R14=0x00007f8c03120268, R15=0x0000000000000040
RIP=0x000000010c472f3f, EFLAGS=0x0000000000000207, ERR=0x0000000000000004
  TRAPNO=0x000000000000000e

Top of Stack: (sp=0x0000000309ff7900)
0x0000000309ff7900:   0000000000000000 0000000000000bad
0x0000000309ff7910:   00007f8c12812000 0000000000000000
0x0000000309ff7920:   00007f8c12708900 0000000500000000
0x0000000309ff7930:   0000000009ff7960 00007f8c03120268
0x0000000309ff7940:   0000600003d2ddc0 000000010c6f4f33
0x0000000309ff7950:   00007f8c12812000 0000000309ff79e0
0x0000000309ff7960:   0000000309ff7a20 000000010c4726c3
0x0000000309ff7970:   0000000300000005 00007f8c12812000
0x0000000309ff7980:   0000000309ff7901 00007f8c12708ae0
0x0000000309ff7990:   0000000309ff7900 0000000309ff7900
0x0000000309ff79a0:   00007f8c12812000 000000010c1aad00
0x0000000309ff79b0:   0000000000000000 0000000000000000
0x0000000309ff79c0:   00000001029c0100 00007f8c12812000
0x0000000309ff79d0:   0000000000000000 00000001216c766d
0x0000000309ff79e0:   00007f8c12812000 00007f8c031202e0
0x0000000309ff79f0:   0000000209ff7a20 00007f8c12812000
0x0000000309ff7a00:   0000000000000000 00000001216c766d
0x0000000309ff7a10:   0000000309ff7a80 0000000740017f58
0x0000000309ff7a20:   0000000309ff7a60 000000010c2d6bd3
0x0000000309ff7a30:   0000000309ff7a70 00007f8c12812000
0x0000000309ff7a40:   00007f8c12812000 00000000000000c2
0x0000000309ff7a50:   0000000309ff7ae8 00007f8c12812000
0x0000000309ff7a60:   0000000309ff7ad0 000000010d9e5f01
0x0000000309ff7a70:   0000000309ff7ad0 000000010d9e5ecd
0x0000000309ff7a80:   0000000000000003 0000000740017f58
0x0000000309ff7a90:   0000000309ff7a80 00000001216c766d
0x0000000309ff7aa0:   0000000309ff7ae8 00000001216c77c8
0x0000000309ff7ab0:   0000000000000000 00000001216c7698
0x0000000309ff7ac0:   0000000000000000 0000000309ff7af0
0x0000000309ff7ad0:   0000000309ff7b50 000000010d9c04e7
0x0000000309ff7ae0:   0000000000000000 0000000740017f58
0x0000000309ff7af0:   0000000300001fa0 00007f8c12812000 

Instructions: (pc=0x000000010c472f3f)
0x000000010c472f1f:   01 f0 49 0f b1 1c 24 48 85 c0 0f 84 99 00 00 00
0x000000010c472f2f:   48 8b 05 72 8c 28 00 48 85 c0 74 07 48 8b 40 28
0x000000010c472f3f:   48 ff 00 f6 05 cf 00 27 00 01 74 16 4c 89 f7 48
0x000000010c472f4f:   89 de e8 ce f8 ff ff 4c 8d 05 33 8d 28 00 85 c0 

Register to memory mapping:

RAX=0x0000000000000000 is an unknown value
RBX=0x00007f8c12812000 is a thread
RCX=0x00007f8c12708948 is an unknown value
RDX=0x0000000000000000 is an unknown value
RSP=0x0000000309ff7900 is pointing into the stack for thread: 0x00007f8c12812000
RBP=0x0000000309ff7960 is pointing into the stack for thread: 0x00007f8c12812000
RSI=0x0000000000000000 is an unknown value
RDI=0x00007f8c12708928 is an unknown value
R8 =0x000000010c6fbc90: _ZN2os16_processor_countE+0 in /Library/Java/JavaVirtualMachines/temurin-8.jdk/Contents/Home/jre/lib/server/libjvm.dylib at 0x000000010c028000
R9 =0x0000000000000000 is an unknown value
R10=0x0000000000000000 is an unknown value
R11=0x00007f8c12708984 is an unknown value
R12=0x00007f8c03120280 is an unknown value
R13=0x00007f8c031202b8 is an unknown value
R14=0x00007f8c03120268 is an unknown value
R15=0x0000000000000040 is an unknown value


Stack: [0x0000000309ef8000,0x0000000309ff8000],  sp=0x0000000309ff7900,  free space=1022k
Native frames: (J=compiled Java code, j=interpreted, Vv=VM code, C=native code)
V