#
# A fatal error has been detected by the Java Runtime Environment:
#
#  SIGSEGV (0xb) at pc=0x000000010dcf9f3f, pid=41532, tid=0x0000000000002503
#
# JRE version: OpenJDK Runtime Environment (8.0_492-b09) (build 1.8.0_492-b09)
# Java VM: OpenJDK 64-Bit Server VM (25.492-b09 mixed mode bsd-amd64 compressed oops)
# Problematic frame:
# V  [libjvm.dylib+0x44af3f]  ObjectMonitor::EnterI(Thread*)+0x269
#
# Failed to write core dump. Core dumps have been disabled. To enable core dumping, try "ulimit -c unlimited" before starting Java again
#
# If you would like to submit a bug report, please visit:
#   https://github.com/adoptium/adoptium-support/issues
#

---------------  T H R E A D  ---------------

Current thread (0x00007ff39d1e3000):  JavaThread "DestroyJavaVM" [_thread_blocked, id=9475, stack(0x000000030ce9f000,0x000000030cf9f000)]

siginfo: si_signo: 11 (SIGSEGV), si_code: 1 (SEGV_MAPERR), si_addr: 0x0000000000000000

Registers:
RAX=0x0000000000000000, RBX=0x00007ff39d1e3000, RCX=0x00007ff39cf08a48, RDX=0x0000000000000000
RSP=0x000000030cf9e900, RBP=0x000000030cf9e960, RSI=0x0000000000000000, RDI=0x00007ff39cf08a28
R8 =0x000000010df82c90, R9 =0x0000000000000000, R10=0x0000000000000000, R11=0x00007ff39cf08a84
R12=0x00007ff39d9159a0, R13=0x00007ff39d9159d8, R14=0x00007ff39d915988, R15=0x0000000000000040
RIP=0x000000010dcf9f3f, EFLAGS=0x0000000000000203, ERR=0x0000000000000004
  TRAPNO=0x000000000000000e

Top of Stack: (sp=0x000000030cf9e900)
0x000000030cf9e900:   0000000000000000 0000000000000bad
0x000000030cf9e910:   00007ff39d1e3000 0000000000000000
0x000000030cf9e920:   00007ff39cf08a00 0000000500000000
0x000000030cf9e930:   000000000cf9e960 00007ff39d915988
0x000000030cf9e940:   000060000346dce0 000000010df7bf33
0x000000030cf9e950:   00007ff39d1e3000 000000030cf9e9e0
0x000000030cf9e960:   000000030cf9ea20 000000010dcf96c3
0x000000030cf9e970:   0000000300000005 00007ff39d1e3000
0x000000030cf9e980:   000000030cf9e901 00007ff38d8400e0
0x000000030cf9e990:   000000030cf9e900 000000030cf9e900
0x000000030cf9e9a0:   00007ff39d1e3000 000000010da31d00
0x000000030cf9e9b0:   0000000000000000 0000000000000000
0x000000030cf9e9c0:   0000000102088100 00007ff39d1e3000
0x000000030cf9e9d0:   0000000000000000 0000000122f4eabd
0x000000030cf9e9e0:   00007ff39d1e3000 00007ff39d915a00
0x000000030cf9e9f0:   000000020cf9ea20 00007ff39d1e3000
0x000000030cf9ea00:   0000000000000000 0000000122f4eabd
0x000000030cf9ea10:   000000030cf9ea80 000000074002e928
0x000000030cf9ea20:   000000030cf9ea60 000000010db5dbd3
0x000000030cf9ea30:   000000030cf9ea70 00007ff39d1e3000
0x000000030cf9ea40:   00007ff39d1e3000 00000000000000c2
0x000000030cf9ea50:   000000030cf9eae8 00007ff39d1e3000
0x000000030cf9ea60:   000000030cf9ead0 000000010f26cf01
0x000000030cf9ea70:   000000030cf9ead0 000000010f26cecd
0x000000030cf9ea80:   0000000000000003 000000074002e928
0x000000030cf9ea90:   000000030cf9ea80 0000000122f4eabd
0x000000030cf9eaa0:   000000030cf9eae8 0000000122f4ec18
0x000000030cf9eab0:   0000000000000000 0000000122f4eae8
0x000000030cf9eac0:   0000000000000000 000000030cf9eaf0
0x000000030cf9ead0:   000000030cf9eb50 000000010f2474e7
0x000000030cf9eae0:   0000000000000000 000000074002e928
0x000000030cf9eaf0:   0000000300001fa0 00007ff39d1e3000 

Instructions: (pc=0x000000010dcf9f3f)
0x000000010dcf9f1f:   01 f0 49 0f b1 1c 24 48 85 c0 0f 84 99 00 00 00
0x000000010dcf9f2f:   48 8b 05 72 8c 28 00 48 85 c0 74 07 48 8b 40 28
0x000000010dcf9f3f:   48 ff 00 f6 05 cf 00 27 00 01 74 16 4c 89 f7 48
0x000000010dcf9f4f:   89 de e8 ce f8 ff ff 4c 8d 05 33 8d 