#
# A fatal error has been detected by the Java Runtime Environment:
#
#  SIGSEGV (0xb) at pc=0x000000010e068f3f, pid=41370, tid=0x0000000000002603
#
# JRE version: OpenJDK Runtime Environment (8.0_492-b09) (build 1.8.0_492-b09)
# Java VM: OpenJDK 64-Bit Server VM (25.492-b09 mixed mode bsd-amd64 compressed oops)
# Problematic frame:
# V  [libjvm.dylib+0x44af3f]  ObjectMonitor::EnterI(Thread*)+0x269
#
# Failed to write core dump. Core dumps have been disabled. To enable core dumping, try "ulimit -c unlimited" before starting Java again
#
# If you would like to submit a bug report, please visit:
#   https://github.com/adoptium/adoptium-support/issues
#

---------------  T H R E A D  ---------------

Current thread (0x00007fe0e580a000):  JavaThread "DestroyJavaVM" [_thread_blocked, id=9731, stack(0x000000030d855000,0x000000030d955000)]

siginfo: si_signo: 11 (SIGSEGV), si_code: 1 (SEGV_MAPERR), si_addr: 0x0000000000000000

Registers:
RAX=0x0000000000000000, RBX=0x00007fe0e580a000, RCX=0x00007fe0e6005648, RDX=0x0000000000000000
RSP=0x000000030d954900, RBP=0x000000030d954960, RSI=0x0000000000000000, RDI=0x00007fe0e6005628
R8 =0x000000010e2f1c90, R9 =0x0000000000000000, R10=0x0000000000000000, R11=0x00007fe0e6005684
R12=0x00007fe0e5527590, R13=0x00007fe0e55275c8, R14=0x00007fe0e5527578, R15=0x0000000000000040
RIP=0x000000010e068f3f, EFLAGS=0x0000000000000207, ERR=0x0000000000000004
  TRAPNO=0x000000000000000e

Top of Stack: (sp=0x000000030d954900)
0x000000030d954900:   0000000000000000 0000000000000bad
0x000000030d954910:   00007fe0e580a000 0000000000000000
0x000000030d954920:   00007fe0e6005600 0000000500000000
0x000000030d954930:   000000000d954960 00007fe0e5527578
0x000000030d954940:   0000600003559420 000000010e2eaf33
0x000000030d954950:   00007fe0e580a000 000000030d9549e0
0x000000030d954960:   000000030d954a20 000000010e0686c3
0x000000030d954970:   0000000300000005 00007fe0e580a000
0x000000030d954980:   000000030d954901 00007fe0e6004a80
0x000000030d954990:   000000030d954900 000000030d954900
0x000000030d9549a0:   00007fe0e580a000 000000010dda0d00
0x000000030d9549b0:   0000000000000000 0000000000000000
0x000000030d9549c0:   000000010218c000 00007fe0e580a000
0x000000030d9549d0:   0000000000000000 00000001232bd66d
0x000000030d9549e0:   00007fe0e580a000 00007fe0e55275f0
0x000000030d9549f0:   000000020d954a20 00007fe0e580a000
0x000000030d954a00:   0000000000000000 00000001232bd66d
0x000000030d954a10:   000000030d954a80 0000000740498630
0x000000030d954a20:   000000030d954a60 000000010deccbd3
0x000000030d954a30:   000000030d954a70 00007fe0e580a000
0x000000030d954a40:   00007fe0e580a000 00000000000000c2
0x000000030d954a50:   000000030d954ae8 00007fe0e580a000
0x000000030d954a60:   000000030d954ad0 000000010f5dbf01
0x000000030d954a70:   000000030d954ad0 000000010f5dbecd
0x000000030d954a80:   0000000000000003 0000000740498630
0x000000030d954a90:   000000030d954a80 00000001232bd66d
0x000000030d954aa0:   000000030d954ae8 00000001232bd7c8
0x000000030d954ab0:   0000000000000000 00000001232bd698
0x000000030d954ac0:   0000000000000000 000000030d954af0
0x000000030d954ad0:   000000030d954b50 000000010f5b64e7
0x000000030d954ae0:   0000000000000000 0000000740498630
0x000000030d954af0:   0000000300001fa0 00007fe0e580a000 

Instructions: (pc=0x000000010e068f3f)
0x000000010e068f1f:   01 f0 49 0f b1 1c 24 48 85 c0 0f 84 99 00 00 00
0x000000010e068f2f:   48 8b 05 72 8c 28 00 48 85 c0 74 07 48 8b 40 28
0x000000010e068f3f:   48 ff 00 f6 05 cf 00 27 00 01 74 16 4c 89 f7 48
0x000000010e068f4f:   89 de e8 ce f8 ff ff 4c 8d 05 33 8d 28 00 85 c0 

Register to memory mapping:

RAX=0x0000000000000000 is an unknown value
RBX=0x00007fe0e580a000 is a thread
RCX=