#
# A fatal error has been detected by the Java Runtime Environment:
#
#  SIGSEGV (0xb) at pc=0x000000010d7c3f3f, pid=41264, tid=0x0000000000002703
#
# JRE version: OpenJDK Runtime Environment (8.0_492-b09) (build 1.8.0_492-b09)
# Java VM: OpenJDK 64-Bit Server VM (25.492-b09 mixed mode bsd-amd64 compressed oops)
# Problematic frame:
# V  [libjvm.dylib+0x44af3f]  ObjectMonitor::EnterI(Thread*)+0x269
#
# Failed to write core dump. Core dumps have been disabled. To enable core dumping, try "ulimit -c unlimited" before starting Java again
#
# If you would like to submit a bug report, please visit:
#   https://github.com/adoptium/adoptium-support/issues
#

---------------  T H R E A D  ---------------

Current thread (0x00007fc57d832800):  JavaThread "DestroyJavaVM" [_thread_blocked, id=9987, stack(0x000000030c50f000,0x000000030c60f000)]

siginfo: si_signo: 11 (SIGSEGV), si_code: 1 (SEGV_MAPERR), si_addr: 0x0000000000000000

Registers:
RAX=0x0000000000000000, RBX=0x00007fc57d832800, RCX=0x00007fc58e805648, RDX=0x0000000000000000
RSP=0x000000030c60e900, RBP=0x000000030c60e960, RSI=0x0000000000000000, RDI=0x00007fc58e805628
R8 =0x000000010da4cc90, R9 =0x0000000000000000, R10=0x0000000000000000, R11=0x00007fc58e805684
R12=0x00007fc58e021570, R13=0x00007fc58e0215a8, R14=0x00007fc58e021558, R15=0x0000000000000040
RIP=0x000000010d7c3f3f, EFLAGS=0x0000000000000203, ERR=0x0000000000000004
  TRAPNO=0x000000000000000e

Top of Stack: (sp=0x000000030c60e900)
0x000000030c60e900:   0000000000000000 0000000000000bad
0x000000030c60e910:   00007fc57d832800 0000000000000000
0x000000030c60e920:   00007fc58e805600 0000000500000000
0x000000030c60e930:   000000000c60e960 00007fc58e021558
0x000000030c60e940:   00006000035c5ce0 000000010da45f33
0x000000030c60e950:   00007fc57d832800 000000030c60e9e0
0x000000030c60e960:   000000030c60ea20 000000010d7c36c3
0x000000030c60e970:   0000000300000005 00007fc57d832800
0x000000030c60e980:   000000030c60e901 00007fc58e947b20
0x000000030c60e990:   000000030c60e900 000000030c60e900
0x000000030c60e9a0:   00007fc57d832800 000000010d4fbd00
0x000000030c60e9b0:   0000000000000000 0000000000000000
0x000000030c60e9c0:   0000000102100000 00007fc57d832800
0x000000030c60e9d0:   0000000000000000 0000000122a1866d
0x000000030c60e9e0:   00007fc57d832800 00007fc58e0215d0
0x000000030c60e9f0:   000000020c60ea20 00007fc57d832800
0x000000030c60ea00:   0000000000000000 0000000122a1866d
0x000000030c60ea10:   000000030c60ea80 00000007403f3878
0x000000030c60ea20:   000000030c60ea60 000000010d627bd3
0x000000030c60ea30:   000000030c60ea70 00007fc57d832800
0x000000030c60ea40:   00007fc57d832800 00000000000000c2
0x000000030c60ea50:   000000030c60eae8 00007fc57d832800
0x000000030c60ea60:   000000030c60ead0 000000010ed36f01
0x000000030c60ea70:   000000030c60ead0 000000010ed36ecd
0x000000030c60ea80:   0000000000000003 00000007403f3878
0x000000030c60ea90:   000000030c60ea80 0000000122a1866d
0x000000030c60eaa0:   000000030c60eae8 0000000122a187c8
0x000000030c60eab0:   0000000000000000 